ARM GAS  /var/folders/0v/t9z_0lmj7rg_7k19_3xv9hqr0000gn/T//ccclunSE.s 			page 1


   1              		.cpu cortex-m4
   2              		.arch armv7e-m
   3              		.fpu fpv4-sp-d16
   4              		.eabi_attribute 27, 1
   5              		.eabi_attribute 28, 1
   6              		.eabi_attribute 20, 1
   7              		.eabi_attribute 21, 1
   8              		.eabi_attribute 23, 3
   9              		.eabi_attribute 24, 1
  10              		.eabi_attribute 25, 1
  11              		.eabi_attribute 26, 1
  12              		.eabi_attribute 30, 1
  13              		.eabi_attribute 34, 1
  14              		.eabi_attribute 18, 4
  15              		.file	"font_ascii.c"
  16              		.text
  17              	.Ltext0:
  18              		.cfi_sections	.debug_frame
  19              		.file 1 "Core/Src/font_ascii.c"
  20              		.global	font_ascii_data
  21              		.section	.rodata.font_ascii_data,"a"
  22              		.align	2
  25              	font_ascii_data:
  26 0000 00000000 		.ascii	"\000\000\000\000\000\000\000\000\000\000\000\000\000"
  26      00000000 
  26      00000000 
  26      00
  27 000d 00000000 		.ascii	"\000\000\000\000\000\000\000\000\000\000\000"
  27      00000000 
  27      000000
  28 0018 40004000 		.ascii	"@\000@\000@\000@\000@\000@\000@\000@\000\000\000@\000"
  28      40004000 
  28      40004000 
  28      40004000 
  28      00004000 
  29 002c 40000000 		.ascii	"@\000\000\000"
  30 0030 A000A000 		.ascii	"\240\000\240\000\240\000\000\000\000\000\000\000\000"
  30      A0000000 
  30      00000000 
  30      00
  31 003d 00000000 		.ascii	"\000\000\000\000\000\000\000\000\000\000\000"
  31      00000000 
  31      000000
  32 0048 14001400 		.ascii	"\024\000\024\000\024\000~\000(\000(\000(\000\374\000"
  32      14007E00 
  32      28002800 
  32      2800FC00 
  33 0058 50005000 		.ascii	"P\000P\000P\000\000\000"
  33      50000000 
  34 0060 10007C00 		.ascii	"\020\000|\000\222\000\220\000\220\000|\000\022\000\022"
  34      92009000 
  34      90007C00 
  34      120012
  35 006f 0092007C 		.ascii	"\000\222\000|\000\020\000\000\000"
  35      00100000 
  35      00
  36 0078 00006080 		.ascii	"\000\000`\200\221\000\222\000d\000\010\000\023\000$"
ARM GAS  /var/folders/0v/t9z_0lmj7rg_7k19_3xv9hqr0000gn/T//ccclunSE.s 			page 2


  36      91009200 
  36      64000800 
  36      130024
  37 0087 80448083 		.ascii	"\200D\200\203\000\000\000\000\000"
  37      00000000 
  37      00
  38 0090 30004800 		.ascii	"0\000H\000H\000H\000P\000 \000P\000\212\000\204\000"
  38      48004800 
  38      50002000 
  38      50008A00 
  38      8400
  39 00a2 4A003000 		.ascii	"J\0000\000\000\000"
  39      0000
  40 00a8 40004000 		.ascii	"@\000@\000@\000\000\000\000\000\000\000\000\000\000"
  40      40000000 
  40      00000000 
  40      000000
  41 00b7 00000000 		.ascii	"\000\000\000\000\000\000\000\000\000"
  41      00000000 
  41      00
  42 00c0 20004000 		.ascii	" \000@\000@\000\200\000\200\000\200\000\200\000\200"
  42      40008000 
  42      80008000 
  42      800080
  43 00cf 00400040 		.ascii	"\000@\000@\000 \000\000\000"
  43      00200000 
  43      00
  44 00d8 80004000 		.ascii	"\200\000@\000@\000 \000 \000 \000 \000 \000@\000@\000"
  44      40002000 
  44      20002000 
  44      20002000 
  44      40004000 
  45 00ec 80000000 		.ascii	"\200\000\000\000"
  46 00f0 00000000 		.ascii	"\000\000\000\000 \000\250\000p\000 \000p\000\250\000"
  46      2000A800 
  46      70002000 
  46      7000A800 
  47 0100 20000000 		.ascii	" \000\000\000\000\000\000\000"
  47      00000000 
  48 0108 00000000 		.ascii	"\000\000\000\000\020\000\020\000\020\000\376\000\020"
  48      10001000 
  48      1000FE00 
  48      10
  49 0115 00100010 		.ascii	"\000\020\000\020\000\000\000\000\000\000\000"
  49      00000000 
  49      000000
  50 0120 00000000 		.ascii	"\000\000\000\000\000\000\000\000\000\000\000\000\000"
  50      00000000 
  50      00000000 
  50      00
  51 012d 00000000 		.ascii	"\000\000\000\000\000\000\000@\000\200\000"
  51      00000040 
  51      008000
  52 0138 00000000 		.ascii	"\000\000\000\000\000\000\000\000\000\000\370\000\000"
  52      00000000 
  52      0000F800 
  52      00
ARM GAS  /var/folders/0v/t9z_0lmj7rg_7k19_3xv9hqr0000gn/T//ccclunSE.s 			page 3


  53 0145 00000000 		.ascii	"\000\000\000\000\000\000\000\000\000\000\000"
  53      00000000 
  53      000000
  54 0150 00000000 		.ascii	"\000\000\000\000\000\000\000\000\000\000\000\000\000"
  54      00000000 
  54      00000000 
  54      00
  55 015d 00000000 		.ascii	"\000\000\000\000\000\000\000@\000\000\000"
  55      00000040 
  55      000000
  56 0168 08000800 		.ascii	"\010\000\010\000\020\000\020\000 \000 \000 \000@\000"
  56      10001000 
  56      20002000 
  56      20004000 
  57 0178 40008000 		.ascii	"@\000\200\000\200\000\000\000"
  57      80000000 
  58 0180 38004400 		.ascii	"8\000D\000\202\000\202\000\202\000\202\000\202\000\202"
  58      82008200 
  58      82008200 
  58      820082
  59 018f 00820044 		.ascii	"\000\202\000D\0008\000\000\000"
  59      00380000 
  59      00
  60 0198 20006000 		.ascii	" \000`\000 \000 \000 \000 \000 \000 \000 \000 \000p"
  60      20002000 
  60      20002000 
  60      20002000 
  60      20002000 
  61 01ad 000000   		.ascii	"\000\000\000"
  62 01b0 38004400 		.ascii	"8\000D\000\202\000\002\000\004\000\030\000 \000@\000"
  62      82000200 
  62      04001800 
  62      20004000 
  63 01c0 80008000 		.ascii	"\200\000\200\000\376\000\000\000"
  63      FE000000 
  64 01c8 38004400 		.ascii	"8\000D\000\202\000\002\000\004\0008\000\004\000\002"
  64      82000200 
  64      04003800 
  64      040002
  65 01d7 00820044 		.ascii	"\000\202\000D\0008\000\000\000"
  65      00380000 
  65      00
  66 01e0 0C001400 		.ascii	"\014\000\024\000\024\000$\000$\000D\000D\000\204\000"
  66      14002400 
  66      24004400 
  66      44008400 
  67 01f0 FE000400 		.ascii	"\376\000\004\000\004\000\000\000"
  67      04000000 
  68 01f8 FE008000 		.ascii	"\376\000\200\000\200\000\200\000\270\000\304\000\002"
  68      80008000 
  68      B800C400 
  68      02
  69 0205 00020082 		.ascii	"\000\002\000\202\000D\0008\000\000\000"
  69      00440038 
  69      000000
  70 0210 18002000 		.ascii	"\030\000 \000@\000@\000\270\000\304\000\202\000\202"
  70      40004000 
ARM GAS  /var/folders/0v/t9z_0lmj7rg_7k19_3xv9hqr0000gn/T//ccclunSE.s 			page 4


  70      B800C400 
  70      820082
  71 021f 00820044 		.ascii	"\000\202\000D\0008\000\000\000"
  71      00380000 
  71      00
  72 0228 FE000200 		.ascii	"\376\000\002\000\002\000\004\000\004\000\010\000\010"
  72      02000400 
  72      04000800 
  72      08
  73 0235 00100010 		.ascii	"\000\020\000\020\000 \000 \000\000\000"
  73      00200020 
  73      000000
  74 0240 38004400 		.ascii	"8\000D\000\202\000\202\000D\0008\000D\000\202\000\202"
  74      82008200 
  74      44003800 
  74      44008200 
  74      82
  75 0251 00440038 		.ascii	"\000D\0008\000\000\000"
  75      000000
  76 0258 38004400 		.ascii	"8\000D\000\202\000\202\000\202\000F\000:\000\004\000"
  76      82008200 
  76      82004600 
  76      3A000400 
  77 0268 04000800 		.ascii	"\004\000\010\0000\000\000\000"
  77      30000000 
  78 0270 00000000 		.ascii	"\000\000\000\000\000\000@\000@\000\000\000\000\000@"
  78      00004000 
  78      40000000 
  78      000040
  79 027f 00400000 		.ascii	"\000@\000\000\000\000\000\000\000"
  79      00000000 
  79      00
  80 0288 00000000 		.ascii	"\000\000\000\000\000\000@\000@\000\000\000\000\000@"
  80      00004000 
  80      40000000 
  80      000040
  81 0297 00800000 		.ascii	"\000\200\000\000\000\000\000\000\000"
  81      00000000 
  81      00
  82 02a0 00000000 		.ascii	"\000\000\000\000\020\000 \000@\000\200\000@\000 \000"
  82      10002000 
  82      40008000 
  82      40002000 
  83 02b0 10000000 		.ascii	"\020\000\000\000\000\000\000\000"
  83      00000000 
  84 02b8 00000000 		.ascii	"\000\000\000\000\000\000\000\000\370\000\000\000\000"
  84      00000000 
  84      F8000000 
  84      00
  85 02c5 00F80000 		.ascii	"\000\370\000\000\000\000\000\000\000\000\000"
  85      00000000 
  85      000000
  86 02d0 00000000 		.ascii	"\000\000\000\000\200\000@\000 \000\020\000 \000@\000"
  86      80004000 
  86      20001000 
  86      20004000 
  87 02e0 80000000 		.ascii	"\200\000\000\000\000\000\000\000"
ARM GAS  /var/folders/0v/t9z_0lmj7rg_7k19_3xv9hqr0000gn/T//ccclunSE.s 			page 5


  87      00000000 
  88 02e8 70008800 		.ascii	"p\000\210\000\210\000\010\000\020\000 \000 \000 \000"
  88      88000800 
  88      10002000 
  88      20002000 
  89 02f8 00002000 		.ascii	"\000\000 \000 \000\000\000"
  89      20000000 
  90 0300 00003E00 		.ascii	"\000\000>\000A\000\234\200\244\200\244\200\255\000\226"
  90      41009C80 
  90      A480A480 
  90      AD0096
  91 030f 0040003F 		.ascii	"\000@\000?\000\000\000\000\000"
  91      00000000 
  91      00
  92 0318 10002800 		.ascii	"\020\000(\000(\000(\000D\000D\000D\000|\000\202\000"
  92      28002800 
  92      44004400 
  92      44007C00 
  92      8200
  93 032a 82008200 		.ascii	"\202\000\202\000\000\000"
  93      0000
  94 0330 F8008400 		.ascii	"\370\000\204\000\202\000\202\000\204\000\370\000\204"
  94      82008200 
  94      8400F800 
  94      84
  95 033d 00820082 		.ascii	"\000\202\000\202\000\204\000\370\000\000\000"
  95      008400F8 
  95      000000
  96 0348 3C004200 		.ascii	"<\000B\000\201\000\200\000\200\000\200\000\200\000\200"
  96      81008000 
  96      80008000 
  96      800080
  97 0357 00810042 		.ascii	"\000\201\000B\000<\000\000\000"
  97      003C0000 
  97      00
  98 0360 F8008400 		.ascii	"\370\000\204\000\202\000\202\000\202\000\202\000\202"
  98      82008200 
  98      82008200 
  98      82
  99 036d 00820082 		.ascii	"\000\202\000\202\000\204\000\370\000\000\000"
  99      008400F8 
  99      000000
 100 0378 FC008000 		.ascii	"\374\000\200\000\200\000\200\000\200\000\374\000\200"
 100      80008000 
 100      8000FC00 
 100      80
 101 0385 00800080 		.ascii	"\000\200\000\200\000\200\000\374\000\000\000"
 101      008000FC 
 101      000000
 102 0390 FC008000 		.ascii	"\374\000\200\000\200\000\200\000\200\000\374\000\200"
 102      80008000 
 102      8000FC00 
 102      80
 103 039d 00800080 		.ascii	"\000\200\000\200\000\200\000\200\000\000\000"
 103      00800080 
 103      000000
 104 03a8 3C004200 		.ascii	"<\000B\000\201\000\200\000\200\000\217\000\201\000\201"
ARM GAS  /var/folders/0v/t9z_0lmj7rg_7k19_3xv9hqr0000gn/T//ccclunSE.s 			page 6


 104      81008000 
 104      80008F00 
 104      810081
 105 03b7 00810042 		.ascii	"\000\201\000B\000<\000\000\000"
 105      003C0000 
 105      00
 106 03c0 82008200 		.ascii	"\202\000\202\000\202\000\202\000\202\000\376\000\202"
 106      82008200 
 106      8200FE00 
 106      82
 107 03cd 00820082 		.ascii	"\000\202\000\202\000\202\000\202\000\000\000"
 107      00820082 
 107      000000
 108 03d8 E0004000 		.ascii	"\340\000@\000@\000@\000@\000@\000@\000@\000@\000@\000"
 108      40004000 
 108      40004000 
 108      40004000 
 108      40004000 
 109 03ec E0000000 		.ascii	"\340\000\000\000"
 110 03f0 04000400 		.ascii	"\004\000\004\000\004\000\004\000\004\000\004\000\004"
 110      04000400 
 110      04000400 
 110      04
 111 03fd 00040084 		.ascii	"\000\004\000\204\000H\0000\000\000\000"
 111      00480030 
 111      000000
 112 0408 82008400 		.ascii	"\202\000\204\000\210\000\220\000\240\000\300\000\240"
 112      88009000 
 112      A000C000 
 112      A0
 113 0415 00900088 		.ascii	"\000\220\000\210\000\204\000\202\000\000\000"
 113      00840082 
 113      000000
 114 0420 80008000 		.ascii	"\200\000\200\000\200\000\200\000\200\000\200\000\200"
 114      80008000 
 114      80008000 
 114      80
 115 042d 00800080 		.ascii	"\000\200\000\200\000\200\000\374\000\000\000"
 115      008000FC 
 115      000000
 116 0438 8080C180 		.ascii	"\200\200\301\200\301\200\242\200\242\200\242\200\224"
 116      C180A280 
 116      A280A280 
 116      94
 117 0445 80948094 		.ascii	"\200\224\200\224\200\210\200\210\200\000\000"
 117      80888088 
 117      800000
 118 0450 8200C200 		.ascii	"\202\000\302\000\302\000\242\000\242\000\222\000\212"
 118      C200A200 
 118      A2009200 
 118      8A
 119 045d 008A0086 		.ascii	"\000\212\000\206\000\206\000\202\000\000\000"
 119      00860082 
 119      000000
 120 0468 3C004200 		.ascii	"<\000B\000\201\000\201\000\201\000\201\000\201\000\201"
 120      81008100 
 120      81008100 
ARM GAS  /var/folders/0v/t9z_0lmj7rg_7k19_3xv9hqr0000gn/T//ccclunSE.s 			page 7


 120      810081
 121 0477 00810042 		.ascii	"\000\201\000B\000<\000\000\000"
 121      003C0000 
 121      00
 122 0480 F8008400 		.ascii	"\370\000\204\000\202\000\202\000\202\000\204\000\370"
 122      82008200 
 122      82008400 
 122      F8
 123 048d 00800080 		.ascii	"\000\200\000\200\000\200\000\200\000\000\000"
 123      00800080 
 123      000000
 124 0498 3C004200 		.ascii	"<\000B\000\201\000\201\000\201\000\201\000\201\000\211"
 124      81008100 
 124      81008100 
 124      810089
 125 04a7 00850042 		.ascii	"\000\205\000B\000=\000\000\000"
 125      003D0000 
 125      00
 126 04b0 F8008400 		.ascii	"\370\000\204\000\202\000\202\000\202\000\204\000\370"
 126      82008200 
 126      82008400 
 126      F8
 127 04bd 00900088 		.ascii	"\000\220\000\210\000\204\000\202\000\000\000"
 127      00840082 
 127      000000
 128 04c8 38004400 		.ascii	"8\000D\000\202\000\200\000@\0008\000\004\000\002\000"
 128      82008000 
 128      40003800 
 128      04000200 
 129 04d8 82004400 		.ascii	"\202\000D\0008\000\000\000"
 129      38000000 
 130 04e0 FE001000 		.ascii	"\376\000\020\000\020\000\020\000\020\000\020\000\020"
 130      10001000 
 130      10001000 
 130      10
 131 04ed 00100010 		.ascii	"\000\020\000\020\000\020\000\020\000\000\000"
 131      00100010 
 131      000000
 132 04f8 81008100 		.ascii	"\201\000\201\000\201\000\201\000\201\000\201\000\201"
 132      81008100 
 132      81008100 
 132      81
 133 0505 00810081 		.ascii	"\000\201\000\201\000B\000<\000\000\000"
 133      0042003C 
 133      000000
 134 0510 82008200 		.ascii	"\202\000\202\000\202\000D\000D\000D\000(\000(\000(\000"
 134      82004400 
 134      44004400 
 134      28002800 
 134      2800
 135 0522 10001000 		.ascii	"\020\000\020\000\000\000"
 135      0000
 136 0528 88808880 		.ascii	"\210\200\210\200\210\200\210\200U\000U\000U\000U\000"
 136      88808880 
 136      55005500 
 136      55005500 
 137 0538 22002200 		.ascii	"\"\000\"\000\"\000\000\000"
ARM GAS  /var/folders/0v/t9z_0lmj7rg_7k19_3xv9hqr0000gn/T//ccclunSE.s 			page 8


 137      22000000 
 138 0540 82004400 		.ascii	"\202\000D\000D\000(\000(\000\020\000(\000(\000D\000"
 138      44002800 
 138      28001000 
 138      28002800 
 138      4400
 139 0552 44008200 		.ascii	"D\000\202\000\000\000"
 139      0000
 140 0558 82008200 		.ascii	"\202\000\202\000D\000D\000(\000(\000\020\000\020\000"
 140      44004400 
 140      28002800 
 140      10001000 
 141 0568 10001000 		.ascii	"\020\000\020\000\020\000\000\000"
 141      10000000 
 142 0570 FC000800 		.ascii	"\374\000\010\000\010\000\020\000\020\000 \000 \000@"
 142      08001000 
 142      10002000 
 142      200040
 143 057f 00400080 		.ascii	"\000@\000\200\000\374\000\000\000"
 143      00FC0000 
 143      00
 144 0588 E0008000 		.ascii	"\340\000\200\000\200\000\200\000\200\000\200\000\200"
 144      80008000 
 144      80008000 
 144      80
 145 0595 00800080 		.ascii	"\000\200\000\200\000\200\000\340\000\000\000"
 145      008000E0 
 145      000000
 146 05a0 80008000 		.ascii	"\200\000\200\000@\000@\000 \000 \000 \000\020\000\020"
 146      40004000 
 146      20002000 
 146      20001000 
 146      10
 147 05b1 00080008 		.ascii	"\000\010\000\010\000\000\000"
 147      000000
 148 05b8 E0002000 		.ascii	"\340\000 \000 \000 \000 \000 \000 \000 \000 \000 \000"
 148      20002000 
 148      20002000 
 148      20002000 
 148      20002000 
 149 05cc E0000000 		.ascii	"\340\000\000\000"
 150 05d0 20005000 		.ascii	" \000P\000\210\000\000\000\000\000\000\000\000\000\000"
 150      88000000 
 150      00000000 
 150      000000
 151 05df 00000000 		.ascii	"\000\000\000\000\000\000\000\000\000"
 151      00000000 
 151      00
 152 05e8 00000000 		.ascii	"\000\000\000\000\000\000\000\000\000\000\000\000\000"
 152      00000000 
 152      00000000 
 152      00
 153 05f5 00000000 		.ascii	"\000\000\000\000\000\000\000\376\000\000\000"
 153      000000FE 
 153      000000
 154 0600 80004000 		.ascii	"\200\000@\000 \000\000\000\000\000\000\000\000\000\000"
 154      20000000 
ARM GAS  /var/folders/0v/t9z_0lmj7rg_7k19_3xv9hqr0000gn/T//ccclunSE.s 			page 9


 154      00000000 
 154      000000
 155 060f 00000000 		.ascii	"\000\000\000\000\000\000\000\000\000"
 155      00000000 
 155      00
 156 0618 00000000 		.ascii	"\000\000\000\000\000\000x\000\204\000\004\000<\000D"
 156      00007800 
 156      84000400 
 156      3C0044
 157 0627 0084008C 		.ascii	"\000\204\000\214\000t\000\000\000"
 157      00740000 
 157      00
 158 0630 80008000 		.ascii	"\200\000\200\000\200\000\270\000\304\000\202\000\202"
 158      8000B800 
 158      C4008200 
 158      82
 159 063d 00820082 		.ascii	"\000\202\000\202\000\304\000\270\000\000\000"
 159      00C400B8 
 159      000000
 160 0648 00000000 		.ascii	"\000\000\000\000\000\0008\000D\000\200\000\200\000\200"
 160      00003800 
 160      44008000 
 160      800080
 161 0657 00800044 		.ascii	"\000\200\000D\0008\000\000\000"
 161      00380000 
 161      00
 162 0660 02000200 		.ascii	"\002\000\002\000\002\000:\000F\000\202\000\202\000\202"
 162      02003A00 
 162      46008200 
 162      820082
 163 066f 00820046 		.ascii	"\000\202\000F\000:\000\000\000"
 163      003A0000 
 163      00
 164 0678 00000000 		.ascii	"\000\000\000\000\000\0008\000D\000\202\000\376\000\200"
 164      00003800 
 164      44008200 
 164      FE0080
 165 0687 00820044 		.ascii	"\000\202\000D\0008\000\000\000"
 165      00380000 
 165      00
 166 0690 18002000 		.ascii	"\030\000 \000 \000\370\000 \000 \000 \000 \000 \000"
 166      2000F800 
 166      20002000 
 166      20002000 
 166      2000
 167 06a2 20002000 		.ascii	" \000 \000\000\000"
 167      0000
 168 06a8 00000000 		.ascii	"\000\000\000\000\000\000:\000F\000\202\000\202\000\202"
 168      00003A00 
 168      46008200 
 168      820082
 169 06b7 0046003A 		.ascii	"\000F\000:\000\202\000D\000"
 169      00820044 
 169      00
 170 06c0 80008000 		.ascii	"\200\000\200\000\200\000\270\000\304\000\204\000\204"
 170      8000B800 
 170      C4008400 
ARM GAS  /var/folders/0v/t9z_0lmj7rg_7k19_3xv9hqr0000gn/T//ccclunSE.s 			page 10


 170      84
 171 06cd 00840084 		.ascii	"\000\204\000\204\000\204\000\204\000\000\000"
 171      00840084 
 171      000000
 172 06d8 00004000 		.ascii	"\000\000@\000\000\000@\000@\000@\000@\000@\000@\000"
 172      00004000 
 172      40004000 
 172      40004000 
 172      4000
 173 06ea 40004000 		.ascii	"@\000@\000\000\000"
 173      0000
 174 06f0 00001000 		.ascii	"\000\000\020\000\000\000\020\000\020\000\020\000\020"
 174      00001000 
 174      10001000 
 174      10
 175 06fd 00100010 		.ascii	"\000\020\000\020\000\020\000\020\000\220\000"
 175      00100010 
 175      009000
 176 0708 80008000 		.ascii	"\200\000\200\000\200\000\204\000\210\000\220\000\340"
 176      80008400 
 176      88009000 
 176      E0
 177 0715 00A00090 		.ascii	"\000\240\000\220\000\210\000\204\000\000\000"
 177      00880084 
 177      000000
 178 0720 40004000 		.ascii	"@\000@\000@\000@\000@\000@\000@\000@\000@\000@\000@"
 178      40004000 
 178      40004000 
 178      40004000 
 178      40004000 
 179 0735 000000   		.ascii	"\000\000\000"
 180 0738 00000000 		.ascii	"\000\000\000\000\000\000\263\000\314\200\210\200\210"
 180      0000B300 
 180      CC808880 
 180      88
 181 0745 80888088 		.ascii	"\200\210\200\210\200\210\200\210\200\000\000"
 181      80888088 
 181      800000
 182 0750 00000000 		.ascii	"\000\000\000\000\000\000\270\000\304\000\204\000\204"
 182      0000B800 
 182      C4008400 
 182      84
 183 075d 00840084 		.ascii	"\000\204\000\204\000\204\000\204\000\000\000"
 183      00840084 
 183      000000
 184 0768 00000000 		.ascii	"\000\000\000\000\000\0008\000D\000\202\000\202\000\202"
 184      00003800 
 184      44008200 
 184      820082
 185 0777 00820044 		.ascii	"\000\202\000D\0008\000\000\000"
 185      00380000 
 185      00
 186 0780 00000000 		.ascii	"\000\000\000\000\000\000\270\000\304\000\202\000\202"
 186      0000B800 
 186      C4008200 
 186      82
 187 078d 00820082 		.ascii	"\000\202\000\202\000\304\000\270\000\200\000"
ARM GAS  /var/folders/0v/t9z_0lmj7rg_7k19_3xv9hqr0000gn/T//ccclunSE.s 			page 11


 187      00C400B8 
 187      008000
 188 0798 00000000 		.ascii	"\000\000\000\000\000\000:\000F\000\202\000\202\000\202"
 188      00003A00 
 188      46008200 
 188      820082
 189 07a7 00820046 		.ascii	"\000\202\000F\000:\000\002\000"
 189      003A0002 
 189      00
 190 07b0 00000000 		.ascii	"\000\000\000\000\000\000\260\000\310\000\200\000\200"
 190      0000B000 
 190      C8008000 
 190      80
 191 07bd 00800080 		.ascii	"\000\200\000\200\000\200\000\200\000\000\000"
 191      00800080 
 191      000000
 192 07c8 00000000 		.ascii	"\000\000\000\000\000\000x\000\204\000\200\000`\000\030"
 192      00007800 
 192      84008000 
 192      600018
 193 07d7 00040084 		.ascii	"\000\004\000\204\000x\000\000\000"
 193      00780000 
 193      00
 194 07e0 00004000 		.ascii	"\000\000@\000@\000\370\000@\000@\000@\000@\000@\000"
 194      4000F800 
 194      40004000 
 194      40004000 
 194      4000
 195 07f2 48003000 		.ascii	"H\0000\000\000\000"
 195      0000
 196 07f8 00000000 		.ascii	"\000\000\000\000\000\000\202\000\202\000\202\000\202"
 196      00008200 
 196      82008200 
 196      82
 197 0805 00820082 		.ascii	"\000\202\000\202\000F\000:\000\000\000"
 197      0046003A 
 197      000000
 198 0810 00000000 		.ascii	"\000\000\000\000\000\000\202\000\202\000D\000D\000("
 198      00008200 
 198      82004400 
 198      440028
 199 081f 00280010 		.ascii	"\000(\000\020\000\020\000\000\000"
 199      00100000 
 199      00
 200 0828 00000000 		.ascii	"\000\000\000\000\000\000\210\200\210\200\210\200U\000"
 200      00008880 
 200      88808880 
 200      5500
 201 0836 55005500 		.ascii	"U\000U\000\"\000\"\000\000\000"
 201      22002200 
 201      0000
 202 0840 00000000 		.ascii	"\000\000\000\000\000\000\202\000D\000(\000\020\000\020"
 202      00008200 
 202      44002800 
 202      100010
 203 084f 00280044 		.ascii	"\000(\000D\000\202\000\000\000"
 203      00820000 
ARM GAS  /var/folders/0v/t9z_0lmj7rg_7k19_3xv9hqr0000gn/T//ccclunSE.s 			page 12


 203      00
 204 0858 00000000 		.ascii	"\000\000\000\000\000\000\202\000\202\000D\000D\000("
 204      00008200 
 204      82004400 
 204      440028
 205 0867 00280010 		.ascii	"\000(\000\020\000\020\000 \000"
 205      00100020 
 205      00
 206 0870 00000000 		.ascii	"\000\000\000\000\000\000\374\000\004\000\010\000\020"
 206      0000FC00 
 206      04000800 
 206      10
 207 087d 00200040 		.ascii	"\000 \000@\000\200\000\374\000\000\000"
 207      008000FC 
 207      000000
 208 0888 30004000 		.ascii	"0\000@\000@\000@\000@\000\200\000@\000@\000@\000@\000"
 208      40004000 
 208      40008000 
 208      40004000 
 208      40004000 
 209 089c 30000000 		.ascii	"0\000\000\000"
 210 08a0 40004000 		.ascii	"@\000@\000@\000@\000@\000@\000@\000@\000@\000@\000@"
 210      40004000 
 210      40004000 
 210      40004000 
 210      40004000 
 211 08b5 000000   		.ascii	"\000\000\000"
 212 08b8 C0002000 		.ascii	"\300\000 \000 \000 \000 \000\020\000 \000 \000 \000"
 212      20002000 
 212      20001000 
 212      20002000 
 212      2000
 213 08ca 2000C000 		.ascii	" \000\300\000\000\000"
 213      0000
 214 08d0 00000000 		.ascii	"\000\000\000\000\000\000\000\000`\000\222\000\014\000"
 214      00000000 
 214      60009200 
 214      0C00
 215 08de 00000000 		.ascii	"\000\000\000\000\000\000\000\000\000\000"
 215      00000000 
 215      0000
 216              		.global	font_ascii_width
 217              		.section	.rodata.font_ascii_width,"a"
 218              		.align	2
 221              	font_ascii_width:
 222 0000 05040408 		.ascii	"\005\004\004\010\010\012\010\004\004\004\006\010\004"
 222      080A0804 
 222      04040608 
 222      04
 223 000d 06040608 		.ascii	"\006\004\006\010\006\010\010\010\010\010\010\010\010"
 223      06080808 
 223      08080808 
 223      08
 224 001a 04040506 		.ascii	"\004\004\005\006\005\006\012\010\010\011\010\007\007"
 224      05060A08 
 224      08090807 
 224      07
ARM GAS  /var/folders/0v/t9z_0lmj7rg_7k19_3xv9hqr0000gn/T//ccclunSE.s 			page 13


 225 0027 09080407 		.ascii	"\011\010\004\007\010\007\012\010\011\010\011\010\010"
 225      08070A08 
 225      09080908 
 225      08
 226 0034 0809080A 		.ascii	"\010\011\010\012\010\010\007\004\006\004\006\010\004"
 226      08080704 
 226      06040608 
 226      04
 227 0041 07080708 		.ascii	"\007\010\007\010\010\006\010\007\004\006\007\004\012"
 227      08060807 
 227      04060704 
 227      0A
 228 004e 07080808 		.ascii	"\007\010\010\010\006\007\006\010\010\012\010\010\007"
 228      06070608 
 228      080A0808 
 228      07
 229 005b 05040508 		.ascii	"\005\004\005\010"
 230              		.text
 231              	.Letext0:
 232              		.file 2 "/Applications/STM32CubeIDE.app/Contents/Eclipse/plugins/com.st.stm32cube.ide.mcu.external
 233              		.file 3 "/Applications/STM32CubeIDE.app/Contents/Eclipse/plugins/com.st.stm32cube.ide.mcu.external
 234              		.file 4 "Core/Inc/font_ascii.h"
ARM GAS  /var/folders/0v/t9z_0lmj7rg_7k19_3xv9hqr0000gn/T//ccclunSE.s 			page 14


DEFINED SYMBOLS
                            *ABS*:00000000 font_ascii.c
/var/folders/0v/t9z_0lmj7rg_7k19_3xv9hqr0000gn/T//ccclunSE.s:25     .rodata.font_ascii_data:00000000 font_ascii_data
/var/folders/0v/t9z_0lmj7rg_7k19_3xv9hqr0000gn/T//ccclunSE.s:22     .rodata.font_ascii_data:00000000 $d
/var/folders/0v/t9z_0lmj7rg_7k19_3xv9hqr0000gn/T//ccclunSE.s:221    .rodata.font_ascii_width:00000000 font_ascii_width
/var/folders/0v/t9z_0lmj7rg_7k19_3xv9hqr0000gn/T//ccclunSE.s:218    .rodata.font_ascii_width:00000000 $d

NO UNDEFINED SYMBOLS
